<?xml version="1.0" encoding="UTF-8"?>
<testsuite xmlns:xsi="http://www.w3.org/2001/XMLSchema-instance" xsi:noNamespaceSchemaLocation="https://maven.apache.org/surefire/maven-surefire-plugin/xsd/surefire-test-report-3.0.xsd" version="3.0" name="com.example.signalling.SignallingIntegrationTest" time="10.932" tests="5" errors="0" skipped="0" failures="3">
  <properties>
[...]
</properties>
  <testcase name="testPlayerRegistrationWithInvalidStreamer" classname="com.example.signalling.SignallingIntegrationTest" time="3.871">
    <failure message="Should receive error within 3 seconds ==&gt; expected: &lt;true&gt; but was: &lt;false&gt;" type="org.opentest4j.AssertionFailedError"><![CDATA[org.opentest4j.AssertionFailedError: Should receive error within 3 seconds ==> expected: <true> but was: <false>
	at org.junit.jupiter.api.AssertionFailureBuilder.build(AssertionFailureBuilder.java:151)
	at org.junit.jupiter.api.AssertionFailureBuilder.buildAndThrow(AssertionFailureBuilder.java:132)
	at org.junit.jupiter.api.AssertTrue.failNotTrue(AssertTrue.java:63)
	at org.junit.jupiter.api.AssertTrue.assertTrue(AssertTrue.java:36)
	at org.junit.jupiter.api.Assertions.assertTrue(Assertions.java:214)
	at com.example.signalling.SignallingIntegrationTest.testPlayerRegistrationWithInvalidStreamer(SignallingIntegrationTest.java:130)
	at java.base/java.lang.reflect.Method.invoke(Method.java:569)
	at java.base/java.util.ArrayList.forEach(ArrayList.java:1511)
	at java.base/java.util.ArrayList.forEach(ArrayList.java:1511)
]]></failure>
    <system-out><![CDATA[08:32:49.503 [main] INFO org.springframework.test.context.support.AnnotationConfigContextLoaderUtils -- Could not detect default configuration classes for test class [com.example.signalling.SignallingIntegrationTest]: SignallingIntegrationTest does not declare any static, non-private, non-final, nested classes annotated with @Configuration.
08:32:49.599 [main] INFO org.springframework.boot.test.context.SpringBootTestContextBootstrapper -- Found @SpringBootConfiguration com.example.signalling.SignallingApplication for test class com.example.signalling.SignallingIntegrationTest
08:32:49,413 |-INFO in ch.qos.logback.classic.LoggerContext[default] - This is logback-classic version 1.4.14
08:32:49,415 |-INFO in ch.qos.logback.classic.util.ContextInitializer@5b56b654 - Here is a list of configurators discovered as a service, by rank: 
08:32:49,415 |-INFO in ch.qos.logback.classic.util.ContextInitializer@5b56b654 -   org.springframework.boot.logging.logback.RootLogLevelConfigurator
08:32:49,415 |-INFO in ch.qos.logback.classic.util.ContextInitializer@5b56b654 - They will be invoked in order until ExecutionStatus.DO_NOT_INVOKE_NEXT_IF_ANY is returned.
08:32:49,415 |-INFO in ch.qos.logback.classic.util.ContextInitializer@5b56b654 - Constructed configurator of type class org.springframework.boot.logging.logback.RootLogLevelConfigurator
08:32:49,425 |-INFO in ch.qos.logback.classic.util.ContextInitializer@5b56b654 - org.springframework.boot.logging.logback.RootLogLevelConfigurator.configure() call lasted 1 milliseconds. ExecutionStatus=INVOKE_NEXT_IF_ANY
08:32:49,425 |-INFO in ch.qos.logback.classic.util.ContextInitializer@5b56b654 - Trying to configure with ch.qos.logback.classic.joran.SerializedModelConfigurator
08:32:49,425 |-INFO in ch.qos.logback.classic.util.ContextInitializer@5b56b654 - Constructed configurator of type class ch.qos.logback.classic.joran.SerializedModelConfigurator
08:32:49,427 |-INFO in ch.qos.logback.classic.LoggerContext[default] - Could NOT find resource [logback-test.scmo]
08:32:49,428 |-INFO in ch.qos.logback.classic.LoggerContext[default] - Could NOT find resource [logback.scmo]
08:32:49,428 |-INFO in ch.qos.logback.classic.util.ContextInitializer@5b56b654 - ch.qos.logback.classic.joran.SerializedModelConfigurator.configure() call lasted 3 milliseconds. ExecutionStatus=INVOKE_NEXT_IF_ANY
08:32:49,428 |-INFO in ch.qos.logback.classic.util.ContextInitializer@5b56b654 - Trying to configure with ch.qos.logback.classic.util.DefaultJoranConfigurator
08:32:49,428 |-INFO in ch.qos.logback.classic.util.ContextInitializer@5b56b654 - Constructed configurator of type class ch.qos.logback.classic.util.DefaultJoranConfigurator
08:32:49,428 |-INFO in ch.qos.logback.classic.LoggerContext[default] - Could NOT find resource [logback-test.xml]
08:32:49,429 |-INFO in ch.qos.logback.classic.LoggerContext[default] - Could NOT find resource [logback.xml]
08:32:49,429 |-INFO in ch.qos.logback.classic.util.ContextInitializer@5b56b654 - ch.qos.logback.classic.util.DefaultJoranConfigurator.configure() call lasted 1 milliseconds. ExecutionStatus=INVOKE_NEXT_IF_ANY
08:32:49,429 |-INFO in ch.qos.logback.classic.util.ContextInitializer@5b56b654 - Trying to configure with ch.qos.logback.classic.BasicConfigurator
08:32:49,429 |-INFO in ch.qos.logback.classic.util.ContextInitializer@5b56b654 - Constructed configurator of type class ch.qos.logback.classic.BasicConfigurator
08:32:49,429 |-INFO in ch.qos.logback.classic.BasicConfigurator@452c8a40 - Setting up default configuration.
08:32:49,440 |-INFO in ch.qos.logback.classic.util.ContextInitializer@5b56b654 - ch.qos.logback.classic.BasicConfigurator.configure() call lasted 11 milliseconds. ExecutionStatus=NEUTRAL
08:32:49,970 |-WARN in ch.qos.logback.core.model.processor.AppenderModelHandler - Appender named [CONSOLE] not referenced. Skipping further processing.
08:32:49,970 |-INFO in ch.qos.logback.core.model.processor.AppenderModelHandler - Processing appender named [CONSOLE_PLAIN]
08:32:49,970 |-INFO in ch.qos.logback.core.model.processor.AppenderModelHandler - About to instantiate appender of type [ch.qos.logback.core.ConsoleAppender]
08:32:49,973 |-INFO in ch.qos.logback.core.model.processor.ImplicitModelHandler - Assuming default type [ch.qos.logback.classic.encoder.PatternLayoutEncoder] for [encoder] property
08:32:49,982 |-INFO in ch.qos.logback.classic.model.processor.RootLoggerModelHandler - Setting level of ROOT logger to INFO
08:32:49,982 |-INFO in ch.qos.logback.classic.jul.LevelChangePropagator@534243e4 - Propagating INFO level on Logger[ROOT] onto the JUL framework
08:32:49,983 |-INFO in ch.qos.logback.core.model.processor.AppenderRefModelHandler - Attaching appender named [CONSOLE_PLAIN] to Logger[ROOT]
08:32:49,983 |-INFO in ch.qos.logback.classic.model.processor.LoggerModelHandler - Setting level of logger [com.example.signalling] to INFO
08:32:49,983 |-INFO in ch.qos.logback.classic.jul.LevelChangePropagator@534243e4 - Propagating INFO level on Logger[com.example.signalling] onto the JUL framework
08:32:49,983 |-INFO in ch.qos.logback.classic.model.processor.LoggerModelHandler - Setting level of logger [org.springframework.web.reactive.socket] to DEBUG
08:32:49,983 |-INFO in ch.qos.logback.classic.jul.LevelChangePropagator@534243e4 - Propagating DEBUG level on Logger[org.springframework.web.reactive.socket] onto the JUL framework
08:32:49,983 |-INFO in ch.qos.logback.core.model.processor.DefaultProcessor@29006752 - End of configuration.
08:32:49,983 |-INFO in org.springframework.boot.logging.logback.SpringBootJoranConfigurator@470a9030 - Registering current configuration as safe fallback point


  .   ____          _            __ _ _
 /\\ / ___'_ __ _ _(_)_ __  __ _ \ \ \ \
( ( )\___ | '_ | '_| | '_ \/ _` | \ \ \ \
 \\/  ___)| |_)| | | | | || (_| |  ) ) ) )
  '  |____| .__|_| |_|_| |_\__, | / / / /
 =========|_|==============|___/=/_/_/_/
 :: Spring Boot ::                (v3.2.1)

08:32:50.051 [main] INFO  c.e.s.SignallingIntegrationTest - Starting SignallingIntegrationTest using Java 17.0.16 with PID 4519 (started by runner in /home/runner/work/Signalling/Signalling/java-signalling)
08:32:50.052 [main] INFO  c.e.s.SignallingIntegrationTest - No active profile set, falling back to 1 default profile: "default"
08:32:51.433 [main] INFO  o.s.b.a.e.web.EndpointLinksResolver - Exposing 1 endpoint(s) beneath base path '/actuator'
08:32:51.828 [main] INFO  o.s.b.w.e.netty.NettyWebServer - Netty started on port 38083
08:32:51.852 [main] INFO  c.e.s.SignallingIntegrationTest - Started SignallingIntegrationTest in 2.126 seconds (process running for 2.943)
08:32:52.667 [main] DEBUG o.s.w.r.s.c.ReactorNettyWebSocketClient - Connecting to ws://localhost:38083/ws
08:32:52.853 [reactor-http-epoll-4] DEBUG o.s.w.r.s.a.ReactorNettyWebSocketSession - [b2a19140-1] Session id "32b44c11" for http://localhost:38083/ws
08:32:52.853 [reactor-http-epoll-4] INFO  c.e.s.w.SignallingWebSocketHandler - WebSocket connection established: 32b44c11
08:32:52.855 [reactor-http-epoll-3] DEBUG o.s.w.r.s.a.ReactorNettyWebSocketSession - [7567eb5e] Session id "7567eb5e" for ws://localhost:38083/ws
08:32:52.856 [reactor-http-epoll-3] DEBUG o.s.w.r.s.c.ReactorNettyWebSocketClient - Started session '7567eb5e' for ws://localhost:38083/ws
08:32:52.931 [reactor-http-epoll-4] INFO  c.e.signalling.service.MessageRouter - Received message: registerPlayer
08:32:52.932 [reactor-http-epoll-4] WARN  c.e.s.service.RoutingService - Player test-player-2 tried to register with non-existent streamer: non-existent-streamer
08:32:52.940 [reactor-http-epoll-4] INFO  c.e.s.service.RoutingService - Sent message: error
08:32:52.941 [reactor-http-epoll-4] INFO  c.e.s.w.SignallingWebSocketHandler - WebSocket connection closed: 32b44c11
]]></system-out>
  </testcase>
  <testcase name="testInvalidJsonHandling" classname="com.example.signalling.SignallingIntegrationTest" time="3.007">
    <failure message="Should receive error within 3 seconds ==&gt; expected: &lt;true&gt; but was: &lt;false&gt;" type="org.opentest4j.AssertionFailedError"><![CDATA[org.opentest4j.AssertionFailedError: Should receive error within 3 seconds ==> expected: <true> but was: <false>
	at org.junit.jupiter.api.AssertionFailureBuilder.build(AssertionFailureBuilder.java:151)
	at org.junit.jupiter.api.AssertionFailureBuilder.buildAndThrow(AssertionFailureBuilder.java:132)
	at org.junit.jupiter.api.AssertTrue.failNotTrue(AssertTrue.java:63)
	at org.junit.jupiter.api.AssertTrue.assertTrue(AssertTrue.java:36)
	at org.junit.jupiter.api.Assertions.assertTrue(Assertions.java:214)
	at com.example.signalling.SignallingIntegrationTest.testInvalidJsonHandling(SignallingIntegrationTest.java:285)
	at java.base/java.lang.reflect.Method.invoke(Method.java:569)
	at java.base/java.util.ArrayList.forEach(ArrayList.java:1511)
	at java.base/java.util.ArrayList.forEach(ArrayList.java:1511)
]]></failure>
    <system-out><![CDATA[08:32:55.739 [main] DEBUG o.s.w.r.s.c.ReactorNettyWebSocketClient - Connecting to ws://localhost:38083/ws
08:32:55.749 [reactor-http-epoll-2] DEBUG o.s.w.r.s.a.ReactorNettyWebSocketSession - [56ec4927-2] Session id "3f1db404" for http://localhost:38083/ws
08:32:55.749 [reactor-http-epoll-2] INFO  c.e.s.w.SignallingWebSocketHandler - WebSocket connection established: 3f1db404
08:32:55.749 [reactor-http-epoll-1] DEBUG o.s.w.r.s.a.ReactorNettyWebSocketSession - [575f95b2] Session id "575f95b2" for ws://localhost:38083/ws
08:32:55.749 [reactor-http-epoll-1] DEBUG o.s.w.r.s.c.ReactorNettyWebSocketClient - Started session '575f95b2' for ws://localhost:38083/ws
08:32:55.751 [reactor-http-epoll-2] ERROR c.e.signalling.service.MessageRouter - Failed to parse message: {invalid json}
com.fasterxml.jackson.core.JsonParseException: Unexpected character ('i' (code 105)): was expecting double-quote to start field name
 at [Source: (String)"{invalid json}"; line: 1, column: 3]
	at com.fasterxml.jackson.core.JsonParser._constructError(JsonParser.java:2477)
	at com.fasterxml.jackson.core.base.ParserMinimalBase._reportError(ParserMinimalBase.java:750)
	at com.fasterxml.jackson.core.base.ParserMinimalBase._reportUnexpectedChar(ParserMinimalBase.java:674)
	at com.fasterxml.jackson.core.json.ReaderBasedJsonParser._handleOddName(ReaderBasedJsonParser.java:1940)
	at com.fasterxml.jackson.core.json.ReaderBasedJsonParser.nextToken(ReaderBasedJsonParser.java:737)
	at com.fasterxml.jackson.databind.jsontype.impl.AsPropertyTypeDeserializer.deserializeTypedFromObject(AsPropertyTypeDeserializer.java:113)
	at com.fasterxml.jackson.databind.deser.AbstractDeserializer.deserializeWithType(AbstractDeserializer.java:263)
	at com.fasterxml.jackson.databind.deser.impl.TypeWrappedDeserializer.deserialize(TypeWrappedDeserializer.java:74)
	at com.fasterxml.jackson.databind.deser.DefaultDeserializationContext.readRootValue(DefaultDeserializationContext.java:323)
	at com.fasterxml.jackson.databind.ObjectMapper._readMapAndClose(ObjectMapper.java:4825)
	at com.fasterxml.jackson.databind.ObjectMapper.readValue(ObjectMapper.java:3772)
	at com.fasterxml.jackson.databind.ObjectMapper.readValue(ObjectMapper.java:3740)
	at com.example.signalling.service.MessageRouter.routeMessage(MessageRouter.java:30)
	at com.example.signalling.websocket.SignallingWebSocketHandler.lambda$handle$0(SignallingWebSocketHandler.java:45)
	at reactor.core.publisher.FluxFlatMap$FlatMapMain.onNext(FluxFlatMap.java:388)
	at reactor.core.publisher.FluxMap$MapSubscriber.onNext(FluxMap.java:122)
	at reactor.core.publisher.FluxPeek$PeekSubscriber.onNext(FluxPeek.java:200)
	at reactor.core.publisher.FluxMap$MapSubscriber.onNext(FluxMap.java:122)
	at reactor.core.publisher.FluxMap$MapSubscriber.onNext(FluxMap.java:122)
	at reactor.core.publisher.FluxFilter$FilterSubscriber.onNext(FluxFilter.java:113)
	at reactor.netty.channel.FluxReceive.drainReceiver(FluxReceive.java:294)
	at reactor.netty.channel.FluxReceive.onInboundNext(FluxReceive.java:403)
	at reactor.netty.channel.ChannelOperations.onInboundNext(ChannelOperations.java:426)
	at reactor.netty.http.server.HttpServerOperations.onInboundNext(HttpServerOperations.java:691)
	at reactor.netty.http.server.WebsocketServerOperations.onInboundNext(WebsocketServerOperations.java:181)
	at reactor.netty.channel.ChannelOperationsHandler.channelRead(ChannelOperationsHandler.java:114)
	at io.netty.channel.AbstractChannelHandlerContext.invokeChannelRead(AbstractChannelHandlerContext.java:444)
	at io.netty.channel.AbstractChannelHandlerContext.invokeChannelRead(AbstractChannelHandlerContext.java:420)
	at io.netty.channel.AbstractChannelHandlerContext.fireChannelRead(AbstractChannelHandlerContext.java:412)
	at io.netty.handler.codec.MessageToMessageDecoder.channelRead(MessageToMessageDecoder.java:103)
	at io.netty.channel.AbstractChannelHandlerContext.invokeChannelRead(AbstractChannelHandlerContext.java:444)
	at io.netty.channel.AbstractChannelHandlerContext.invokeChannelRead(AbstractChannelHandlerContext.java:420)
	at io.netty.channel.AbstractChannelHandlerContext.fireChannelRead(AbstractChannelHandlerContext.java:412)
	at io.netty.handler.codec.ByteToMessageDecoder.fireChannelRead(ByteToMessageDecoder.java:346)
	at io.netty.handler.codec.ByteToMessageDecoder.channelRead(ByteToMessageDecoder.java:318)
	at io.netty.channel.AbstractChannelHandlerContext.invokeChannelRead(AbstractChannelHandlerContext.java:444)
	at io.netty.channel.AbstractChannelHandlerContext.invokeChannelRead(AbstractChannelHandlerContext.java:420)
	at io.netty.channel.AbstractChannelHandlerContext.fireChannelRead(AbstractChannelHandlerContext.java:412)
	at io.netty.channel.DefaultChannelPipeline$HeadContext.channelRead(DefaultChannelPipeline.java:1410)
	at io.netty.channel.AbstractChannelHandlerContext.invokeChannelRead(AbstractChannelHandlerContext.java:440)
	at io.netty.channel.AbstractChannelHandlerContext.invokeChannelRead(AbstractChannelHandlerContext.java:420)
	at io.netty.channel.DefaultChannelPipeline.fireChannelRead(DefaultChannelPipeline.java:919)
	at io.netty.channel.epoll.AbstractEpollStreamChannel$EpollStreamUnsafe.epollInReady(AbstractEpollStreamChannel.java:800)
	at io.netty.channel.epoll.EpollEventLoop.processReady(EpollEventLoop.java:509)
	at io.netty.channel.epoll.EpollEventLoop.run(EpollEventLoop.java:407)
	at io.netty.util.concurrent.SingleThreadEventExecutor$4.run(SingleThreadEventExecutor.java:997)
	at io.netty.util.internal.ThreadExecutorMap$2.run(ThreadExecutorMap.java:74)
	at io.netty.util.concurrent.FastThreadLocalRunnable.run(FastThreadLocalRunnable.java:30)
	at java.base/java.lang.Thread.run(Thread.java:840)
08:32:55.754 [reactor-http-epoll-2] INFO  c.e.s.w.SignallingWebSocketHandler - WebSocket connection closed: 3f1db404
]]></system-out>
  </testcase>
  <testcase name="testStreamerRegistrationAndPlayerOfferForward" classname="com.example.signalling.SignallingIntegrationTest" time="0.522">
    <system-out><![CDATA[08:32:58.747 [main] DEBUG o.s.w.r.s.c.ReactorNettyWebSocketClient - Connecting to ws://localhost:38083/ws
08:32:58.751 [reactor-http-epoll-4] DEBUG o.s.w.r.s.a.ReactorNettyWebSocketSession - [8bcdcb8e-3] Session id "5c707ec4" for http://localhost:38083/ws
08:32:58.752 [reactor-http-epoll-4] INFO  c.e.s.w.SignallingWebSocketHandler - WebSocket connection established: 5c707ec4
08:32:58.752 [reactor-http-epoll-3] DEBUG o.s.w.r.s.a.ReactorNettyWebSocketSession - [6116a308] Session id "6116a308" for ws://localhost:38083/ws
08:32:58.752 [reactor-http-epoll-3] DEBUG o.s.w.r.s.c.ReactorNettyWebSocketClient - Started session '6116a308' for ws://localhost:38083/ws
08:32:58.755 [reactor-http-epoll-4] INFO  c.e.signalling.service.MessageRouter - Received message: registerStreamer
08:32:58.755 [reactor-http-epoll-4] INFO  c.e.s.service.RoutingService - Registering streamer: test-streamer-1
08:32:58.755 [reactor-http-epoll-4] INFO  c.e.s.registry.StreamerRegistry - Streamer registered: test-streamer-1
08:32:59.249 [main] DEBUG o.s.w.r.s.c.ReactorNettyWebSocketClient - Connecting to ws://localhost:38083/ws
08:32:59.254 [reactor-http-epoll-2] DEBUG o.s.w.r.s.a.ReactorNettyWebSocketSession - [e934c084-4] Session id "18de242" for http://localhost:38083/ws
08:32:59.254 [reactor-http-epoll-2] INFO  c.e.s.w.SignallingWebSocketHandler - WebSocket connection established: 18de242
08:32:59.254 [reactor-http-epoll-1] DEBUG o.s.w.r.s.a.ReactorNettyWebSocketSession - [613dfb73] Session id "613dfb73" for ws://localhost:38083/ws
08:32:59.254 [reactor-http-epoll-1] DEBUG o.s.w.r.s.c.ReactorNettyWebSocketClient - Started session '613dfb73' for ws://localhost:38083/ws
08:32:59.256 [reactor-http-epoll-2] INFO  c.e.signalling.service.MessageRouter - Received message: registerPlayer
08:32:59.257 [reactor-http-epoll-2] INFO  c.e.s.service.RoutingService - Registering player: test-player-1 -> streamer: test-streamer-1
08:32:59.257 [reactor-http-epoll-2] INFO  c.e.s.registry.PlayerRegistry - Player registered: test-player-1 -> streamer: test-streamer-1
08:32:59.258 [reactor-http-epoll-2] INFO  c.e.signalling.service.MessageRouter - Received message: offer
08:32:59.259 [reactor-http-epoll-2] INFO  c.e.s.service.RoutingService - Forwarding offer from player test-player-1 to streamer test-streamer-1
08:32:59.261 [reactor-http-epoll-2] INFO  c.e.s.service.RoutingService - Sent message: offer
08:32:59.261 [reactor-http-epoll-2] INFO  c.e.s.w.SignallingWebSocketHandler - WebSocket connection closed: 18de242
08:32:59.263 [reactor-http-epoll-2] INFO  c.e.s.service.RoutingService - Sent message: peerDisconnected
08:32:59.263 [reactor-http-epoll-2] INFO  c.e.s.registry.PlayerRegistry - Player removed: test-player-1
08:32:59.263 [reactor-http-epoll-2] INFO  c.e.s.service.RoutingService - Player disconnected: test-player-1
]]></system-out>
  </testcase>
  <testcase name="testIceCandidateForwarding" classname="com.example.signalling.SignallingIntegrationTest" time="0.523">
    <system-out><![CDATA[08:32:59.270 [main] DEBUG o.s.w.r.s.c.ReactorNettyWebSocketClient - Connecting to ws://localhost:38083/ws
08:32:59.274 [reactor-http-epoll-4] DEBUG o.s.w.r.s.a.ReactorNettyWebSocketSession - [0d2fbd47-5] Session id "42a10af3" for http://localhost:38083/ws
08:32:59.275 [reactor-http-epoll-4] INFO  c.e.s.w.SignallingWebSocketHandler - WebSocket connection established: 42a10af3
08:32:59.275 [reactor-http-epoll-3] DEBUG o.s.w.r.s.a.ReactorNettyWebSocketSession - [44c9edc] Session id "44c9edc" for ws://localhost:38083/ws
08:32:59.275 [reactor-http-epoll-3] DEBUG o.s.w.r.s.c.ReactorNettyWebSocketClient - Started session '44c9edc' for ws://localhost:38083/ws
08:32:59.277 [reactor-http-epoll-4] INFO  c.e.signalling.service.MessageRouter - Received message: registerStreamer
08:32:59.277 [reactor-http-epoll-4] INFO  c.e.s.service.RoutingService - Registering streamer: test-streamer-3
08:32:59.278 [reactor-http-epoll-4] INFO  c.e.s.registry.StreamerRegistry - Streamer registered: test-streamer-3
08:32:59.772 [main] DEBUG o.s.w.r.s.c.ReactorNettyWebSocketClient - Connecting to ws://localhost:38083/ws
08:32:59.776 [reactor-http-epoll-2] DEBUG o.s.w.r.s.a.ReactorNettyWebSocketSession - [38864181-6] Session id "74d8a582" for http://localhost:38083/ws
08:32:59.776 [reactor-http-epoll-2] INFO  c.e.s.w.SignallingWebSocketHandler - WebSocket connection established: 74d8a582
08:32:59.777 [reactor-http-epoll-1] DEBUG o.s.w.r.s.a.ReactorNettyWebSocketSession - [41fb886d] Session id "41fb886d" for ws://localhost:38083/ws
08:32:59.777 [reactor-http-epoll-1] DEBUG o.s.w.r.s.c.ReactorNettyWebSocketClient - Started session '41fb886d' for ws://localhost:38083/ws
08:32:59.778 [reactor-http-epoll-2] INFO  c.e.signalling.service.MessageRouter - Received message: registerPlayer
08:32:59.778 [reactor-http-epoll-2] INFO  c.e.s.service.RoutingService - Registering player: test-player-4 -> streamer: test-streamer-3
08:32:59.778 [reactor-http-epoll-2] INFO  c.e.s.registry.PlayerRegistry - Player registered: test-player-4 -> streamer: test-streamer-3
08:32:59.785 [reactor-http-epoll-2] INFO  c.e.signalling.service.MessageRouter - Received message: iceCandidate
08:32:59.785 [reactor-http-epoll-2] INFO  c.e.s.service.RoutingService - Forwarding ICE candidate from test-player-4 to test-streamer-3
08:32:59.789 [reactor-http-epoll-2] INFO  c.e.s.service.RoutingService - Sent message: iceCandidate
08:32:59.789 [reactor-http-epoll-2] INFO  c.e.s.w.SignallingWebSocketHandler - WebSocket connection closed: 74d8a582
08:32:59.789 [reactor-http-epoll-2] INFO  c.e.s.service.RoutingService - Sent message: peerDisconnected
08:32:59.789 [reactor-http-epoll-2] INFO  c.e.s.registry.PlayerRegistry - Player removed: test-player-4
08:32:59.790 [reactor-http-epoll-2] INFO  c.e.s.service.RoutingService - Player disconnected: test-player-4
]]></system-out>
  </testcase>
  <testcase name="testAnswerForwarding" classname="com.example.signalling.SignallingIntegrationTest" time="0.507">
    <failure message="expected: &lt;answer&gt; but was: &lt;error&gt;" type="org.opentest4j.AssertionFailedError"><![CDATA[org.opentest4j.AssertionFailedError: expected: <answer> but was: <error>
	at org.junit.jupiter.api.AssertionFailureBuilder.build(AssertionFailureBuilder.java:151)
	at org.junit.jupiter.api.AssertionFailureBuilder.buildAndThrow(AssertionFailureBuilder.java:132)
	at org.junit.jupiter.api.AssertEquals.failNotEqual(AssertEquals.java:197)
	at org.junit.jupiter.api.AssertEquals.assertEquals(AssertEquals.java:182)
	at org.junit.jupiter.api.AssertEquals.assertEquals(AssertEquals.java:177)
	at org.junit.jupiter.api.Assertions.assertEquals(Assertions.java:1145)
	at com.example.signalling.SignallingIntegrationTest.testAnswerForwarding(SignallingIntegrationTest.java:194)
	at java.base/java.lang.reflect.Method.invoke(Method.java:569)
	at java.base/java.util.ArrayList.forEach(ArrayList.java:1511)
	at java.base/java.util.ArrayList.forEach(ArrayList.java:1511)
]]></failure>
    <system-out><![CDATA[08:32:59.795 [main] DEBUG o.s.w.r.s.c.ReactorNettyWebSocketClient - Connecting to ws://localhost:38083/ws
08:32:59.799 [reactor-http-epoll-4] DEBUG o.s.w.r.s.a.ReactorNettyWebSocketSession - [bd1f756a-7] Session id "761c04bf" for http://localhost:38083/ws
08:32:59.799 [reactor-http-epoll-4] INFO  c.e.s.w.SignallingWebSocketHandler - WebSocket connection established: 761c04bf
08:32:59.800 [reactor-http-epoll-3] DEBUG o.s.w.r.s.a.ReactorNettyWebSocketSession - [90c23b7] Session id "90c23b7" for ws://localhost:38083/ws
08:32:59.800 [reactor-http-epoll-3] DEBUG o.s.w.r.s.c.ReactorNettyWebSocketClient - Started session '90c23b7' for ws://localhost:38083/ws
08:32:59.802 [reactor-http-epoll-4] INFO  c.e.signalling.service.MessageRouter - Received message: registerPlayer
08:32:59.802 [reactor-http-epoll-4] WARN  c.e.s.service.RoutingService - Player test-player-3 tried to register with non-existent streamer: test-streamer-2
08:32:59.802 [reactor-http-epoll-4] INFO  c.e.s.service.RoutingService - Sent message: error
08:33:00.296 [main] DEBUG o.s.w.r.s.c.ReactorNettyWebSocketClient - Connecting to ws://localhost:38083/ws
]]></system-out>
  </testcase>
</testsuite>